d:\大學課程\基礎電腦圖學\porject3\bing_shader_model\opengl_project3-master (1)\opengl_project3-master\openmesh_ex\debug\vc141.pdb
d:\大學課程\基礎電腦圖學\porject3\bing_shader_model\opengl_project3-master (1)\opengl_project3-master\openmesh_ex\debug\myform.obj
d:\大學課程\基礎電腦圖學\porject3\bing_shader_model\opengl_project3-master (1)\opengl_project3-master\openmesh_ex\debug\gua_om.obj
d:\大學課程\基礎電腦圖學\porject3\bing_shader_model\opengl_project3-master (1)\opengl_project3-master\openmesh_ex\debug\glcamera.obj
d:\大學課程\基礎電腦圖學\porject3\bing_shader_model\opengl_project3-master (1)\opengl_project3-master\openmesh_ex\debug\dotnetuitilities.obj
d:\大學課程\基礎電腦圖學\porject3\bing_shader_model\opengl_project3-master (1)\opengl_project3-master\openmesh_ex\debug\.netframework,version=v4.0.assemblyattributes.obj
d:\大學課程\基礎電腦圖學\porject3\bing_shader_model\opengl_project3-master (1)\opengl_project3-master\openmesh_ex\debug\.netframework,version=v4.0.assemblyattributes.asm
d:\大學課程\基礎電腦圖學\porject3\bing_shader_model\opengl_project3-master (1)\opengl_project3-master\openmesh_ex\debug\openmesh_ex.tlog\metagen.write.1.tlog
d:\大學課程\基礎電腦圖學\porject3\bing_shader_model\opengl_project3-master (1)\opengl_project3-master\openmesh_ex\debug\openmesh_ex.myform.resources
d:\大學課程\基礎電腦圖學\porject3\bing_shader_model\opengl_project3-master (1)\opengl_project3-master\openmesh_ex\debug\openmesh_ex.vcxproj.generateresource.cache
d:\大學課程\基礎電腦圖學\porject3\bing_shader_model\opengl_project3-master (1)\opengl_project3-master\openmesh_ex\debug\openmesh_ex.vcxprojassemblyreference.cache
d:\大學課程\基礎電腦圖學\porject3\bing_shader_model\opengl_project3-master (1)\opengl_project3-master\debug\openmesh_ex.pdb
d:\大學課程\基礎電腦圖學\porject3\bing_shader_model\opengl_project3-master (1)\opengl_project3-master\openmesh_ex\debug\openmesh_ex.tlog\cl.command.1.tlog
d:\大學課程\基礎電腦圖學\porject3\bing_shader_model\opengl_project3-master (1)\opengl_project3-master\openmesh_ex\debug\openmesh_ex.tlog\cl.read.1.tlog
d:\大學課程\基礎電腦圖學\porject3\bing_shader_model\opengl_project3-master (1)\opengl_project3-master\openmesh_ex\debug\openmesh_ex.tlog\cl.write.1.tlog
d:\大學課程\基礎電腦圖學\porject3\bing_shader_model\opengl_project3-master (1)\opengl_project3-master\openmesh_ex\debug\openmesh_ex.tlog\link.10304-cvtres.read.1.tlog
d:\大學課程\基礎電腦圖學\porject3\bing_shader_model\opengl_project3-master (1)\opengl_project3-master\openmesh_ex\debug\openmesh_ex.tlog\link.10304-cvtres.write.1.tlog
d:\大學課程\基礎電腦圖學\porject3\bing_shader_model\opengl_project3-master (1)\opengl_project3-master\openmesh_ex\debug\openmesh_ex.tlog\link.10304-rc.read.1.tlog
d:\大學課程\基礎電腦圖學\porject3\bing_shader_model\opengl_project3-master (1)\opengl_project3-master\openmesh_ex\debug\openmesh_ex.tlog\link.10304-rc.write.1.tlog
d:\大學課程\基礎電腦圖學\porject3\bing_shader_model\opengl_project3-master (1)\opengl_project3-master\openmesh_ex\debug\openmesh_ex.tlog\link.10304.read.1.tlog
d:\大學課程\基礎電腦圖學\porject3\bing_shader_model\opengl_project3-master (1)\opengl_project3-master\openmesh_ex\debug\openmesh_ex.tlog\link.10304.write.1.tlog
d:\大學課程\基礎電腦圖學\porject3\bing_shader_model\opengl_project3-master (1)\opengl_project3-master\openmesh_ex\debug\openmesh_ex.tlog\link.11284-cvtres.read.1.tlog
d:\大學課程\基礎電腦圖學\porject3\bing_shader_model\opengl_project3-master (1)\opengl_project3-master\openmesh_ex\debug\openmesh_ex.tlog\link.11284-cvtres.write.1.tlog
d:\大學課程\基礎電腦圖學\porject3\bing_shader_model\opengl_project3-master (1)\opengl_project3-master\openmesh_ex\debug\openmesh_ex.tlog\link.11284-rc.read.1.tlog
d:\大學課程\基礎電腦圖學\porject3\bing_shader_model\opengl_project3-master (1)\opengl_project3-master\openmesh_ex\debug\openmesh_ex.tlog\link.11284-rc.write.1.tlog
d:\大學課程\基礎電腦圖學\porject3\bing_shader_model\opengl_project3-master (1)\opengl_project3-master\openmesh_ex\debug\openmesh_ex.tlog\link.11284.read.1.tlog
d:\大學課程\基礎電腦圖學\porject3\bing_shader_model\opengl_project3-master (1)\opengl_project3-master\openmesh_ex\debug\openmesh_ex.tlog\link.11284.write.1.tlog
d:\大學課程\基礎電腦圖學\porject3\bing_shader_model\opengl_project3-master (1)\opengl_project3-master\openmesh_ex\debug\openmesh_ex.tlog\link.11516-cvtres.read.1.tlog
d:\大學課程\基礎電腦圖學\porject3\bing_shader_model\opengl_project3-master (1)\opengl_project3-master\openmesh_ex\debug\openmesh_ex.tlog\link.11516-cvtres.write.1.tlog
d:\大學課程\基礎電腦圖學\porject3\bing_shader_model\opengl_project3-master (1)\opengl_project3-master\openmesh_ex\debug\openmesh_ex.tlog\link.11516-rc.read.1.tlog
d:\大學課程\基礎電腦圖學\porject3\bing_shader_model\opengl_project3-master (1)\opengl_project3-master\openmesh_ex\debug\openmesh_ex.tlog\link.11516-rc.write.1.tlog
d:\大學課程\基礎電腦圖學\porject3\bing_shader_model\opengl_project3-master (1)\opengl_project3-master\openmesh_ex\debug\openmesh_ex.tlog\link.11516.read.1.tlog
d:\大學課程\基礎電腦圖學\porject3\bing_shader_model\opengl_project3-master (1)\opengl_project3-master\openmesh_ex\debug\openmesh_ex.tlog\link.11516.write.1.tlog
d:\大學課程\基礎電腦圖學\porject3\bing_shader_model\opengl_project3-master (1)\opengl_project3-master\openmesh_ex\debug\openmesh_ex.tlog\link.1164-cvtres.read.1.tlog
d:\大學課程\基礎電腦圖學\porject3\bing_shader_model\opengl_project3-master (1)\opengl_project3-master\openmesh_ex\debug\openmesh_ex.tlog\link.1164-cvtres.write.1.tlog
d:\大學課程\基礎電腦圖學\porject3\bing_shader_model\opengl_project3-master (1)\opengl_project3-master\openmesh_ex\debug\openmesh_ex.tlog\link.1164-rc.read.1.tlog
d:\大學課程\基礎電腦圖學\porject3\bing_shader_model\opengl_project3-master (1)\opengl_project3-master\openmesh_ex\debug\openmesh_ex.tlog\link.1164-rc.write.1.tlog
d:\大學課程\基礎電腦圖學\porject3\bing_shader_model\opengl_project3-master (1)\opengl_project3-master\openmesh_ex\debug\openmesh_ex.tlog\link.1164.read.1.tlog
d:\大學課程\基礎電腦圖學\porject3\bing_shader_model\opengl_project3-master (1)\opengl_project3-master\openmesh_ex\debug\openmesh_ex.tlog\link.1164.write.1.tlog
d:\大學課程\基礎電腦圖學\porject3\bing_shader_model\opengl_project3-master (1)\opengl_project3-master\openmesh_ex\debug\openmesh_ex.tlog\link.14484-cvtres.read.1.tlog
d:\大學課程\基礎電腦圖學\porject3\bing_shader_model\opengl_project3-master (1)\opengl_project3-master\openmesh_ex\debug\openmesh_ex.tlog\link.14484-cvtres.write.1.tlog
d:\大學課程\基礎電腦圖學\porject3\bing_shader_model\opengl_project3-master (1)\opengl_project3-master\openmesh_ex\debug\openmesh_ex.tlog\link.14484-rc.read.1.tlog
d:\大學課程\基礎電腦圖學\porject3\bing_shader_model\opengl_project3-master (1)\opengl_project3-master\openmesh_ex\debug\openmesh_ex.tlog\link.14484-rc.write.1.tlog
d:\大學課程\基礎電腦圖學\porject3\bing_shader_model\opengl_project3-master (1)\opengl_project3-master\openmesh_ex\debug\openmesh_ex.tlog\link.14484.read.1.tlog
d:\大學課程\基礎電腦圖學\porject3\bing_shader_model\opengl_project3-master (1)\opengl_project3-master\openmesh_ex\debug\openmesh_ex.tlog\link.14484.write.1.tlog
d:\大學課程\基礎電腦圖學\porject3\bing_shader_model\opengl_project3-master (1)\opengl_project3-master\openmesh_ex\debug\openmesh_ex.tlog\link.15140-cvtres.read.1.tlog
d:\大學課程\基礎電腦圖學\porject3\bing_shader_model\opengl_project3-master (1)\opengl_project3-master\openmesh_ex\debug\openmesh_ex.tlog\link.15140-cvtres.write.1.tlog
d:\大學課程\基礎電腦圖學\porject3\bing_shader_model\opengl_project3-master (1)\opengl_project3-master\openmesh_ex\debug\openmesh_ex.tlog\link.15140-rc.read.1.tlog
d:\大學課程\基礎電腦圖學\porject3\bing_shader_model\opengl_project3-master (1)\opengl_project3-master\openmesh_ex\debug\openmesh_ex.tlog\link.15140-rc.write.1.tlog
d:\大學課程\基礎電腦圖學\porject3\bing_shader_model\opengl_project3-master (1)\opengl_project3-master\openmesh_ex\debug\openmesh_ex.tlog\link.15140.read.1.tlog
d:\大學課程\基礎電腦圖學\porject3\bing_shader_model\opengl_project3-master (1)\opengl_project3-master\openmesh_ex\debug\openmesh_ex.tlog\link.15140.write.1.tlog
d:\大學課程\基礎電腦圖學\porject3\bing_shader_model\opengl_project3-master (1)\opengl_project3-master\openmesh_ex\debug\openmesh_ex.tlog\link.15180-cvtres.read.1.tlog
d:\大學課程\基礎電腦圖學\porject3\bing_shader_model\opengl_project3-master (1)\opengl_project3-master\openmesh_ex\debug\openmesh_ex.tlog\link.15180-cvtres.write.1.tlog
d:\大學課程\基礎電腦圖學\porject3\bing_shader_model\opengl_project3-master (1)\opengl_project3-master\openmesh_ex\debug\openmesh_ex.tlog\link.15180-rc.read.1.tlog
d:\大學課程\基礎電腦圖學\porject3\bing_shader_model\opengl_project3-master (1)\opengl_project3-master\openmesh_ex\debug\openmesh_ex.tlog\link.15180-rc.write.1.tlog
d:\大學課程\基礎電腦圖學\porject3\bing_shader_model\opengl_project3-master (1)\opengl_project3-master\openmesh_ex\debug\openmesh_ex.tlog\link.15180.read.1.tlog
d:\大學課程\基礎電腦圖學\porject3\bing_shader_model\opengl_project3-master (1)\opengl_project3-master\openmesh_ex\debug\openmesh_ex.tlog\link.15180.write.1.tlog
d:\大學課程\基礎電腦圖學\porject3\bing_shader_model\opengl_project3-master (1)\opengl_project3-master\openmesh_ex\debug\openmesh_ex.tlog\link.1664-cvtres.read.1.tlog
d:\大學課程\基礎電腦圖學\porject3\bing_shader_model\opengl_project3-master (1)\opengl_project3-master\openmesh_ex\debug\openmesh_ex.tlog\link.1664-cvtres.write.1.tlog
d:\大學課程\基礎電腦圖學\porject3\bing_shader_model\opengl_project3-master (1)\opengl_project3-master\openmesh_ex\debug\openmesh_ex.tlog\link.1664-rc.read.1.tlog
d:\大學課程\基礎電腦圖學\porject3\bing_shader_model\opengl_project3-master (1)\opengl_project3-master\openmesh_ex\debug\openmesh_ex.tlog\link.1664-rc.write.1.tlog
d:\大學課程\基礎電腦圖學\porject3\bing_shader_model\opengl_project3-master (1)\opengl_project3-master\openmesh_ex\debug\openmesh_ex.tlog\link.1664.read.1.tlog
d:\大學課程\基礎電腦圖學\porject3\bing_shader_model\opengl_project3-master (1)\opengl_project3-master\openmesh_ex\debug\openmesh_ex.tlog\link.1664.write.1.tlog
d:\大學課程\基礎電腦圖學\porject3\bing_shader_model\opengl_project3-master (1)\opengl_project3-master\openmesh_ex\debug\openmesh_ex.tlog\link.1704-cvtres.read.1.tlog
d:\大學課程\基礎電腦圖學\porject3\bing_shader_model\opengl_project3-master (1)\opengl_project3-master\openmesh_ex\debug\openmesh_ex.tlog\link.1704-cvtres.write.1.tlog
d:\大學課程\基礎電腦圖學\porject3\bing_shader_model\opengl_project3-master (1)\opengl_project3-master\openmesh_ex\debug\openmesh_ex.tlog\link.1704-rc.read.1.tlog
d:\大學課程\基礎電腦圖學\porject3\bing_shader_model\opengl_project3-master (1)\opengl_project3-master\openmesh_ex\debug\openmesh_ex.tlog\link.1704-rc.write.1.tlog
d:\大學課程\基礎電腦圖學\porject3\bing_shader_model\opengl_project3-master (1)\opengl_project3-master\openmesh_ex\debug\openmesh_ex.tlog\link.1704.read.1.tlog
d:\大學課程\基礎電腦圖學\porject3\bing_shader_model\opengl_project3-master (1)\opengl_project3-master\openmesh_ex\debug\openmesh_ex.tlog\link.1704.write.1.tlog
d:\大學課程\基礎電腦圖學\porject3\bing_shader_model\opengl_project3-master (1)\opengl_project3-master\openmesh_ex\debug\openmesh_ex.tlog\link.18336-cvtres.read.1.tlog
d:\大學課程\基礎電腦圖學\porject3\bing_shader_model\opengl_project3-master (1)\opengl_project3-master\openmesh_ex\debug\openmesh_ex.tlog\link.18336-cvtres.write.1.tlog
d:\大學課程\基礎電腦圖學\porject3\bing_shader_model\opengl_project3-master (1)\opengl_project3-master\openmesh_ex\debug\openmesh_ex.tlog\link.18336-rc.read.1.tlog
d:\大學課程\基礎電腦圖學\porject3\bing_shader_model\opengl_project3-master (1)\opengl_project3-master\openmesh_ex\debug\openmesh_ex.tlog\link.18336-rc.write.1.tlog
d:\大學課程\基礎電腦圖學\porject3\bing_shader_model\opengl_project3-master (1)\opengl_project3-master\openmesh_ex\debug\openmesh_ex.tlog\link.18336.read.1.tlog
d:\大學課程\基礎電腦圖學\porject3\bing_shader_model\opengl_project3-master (1)\opengl_project3-master\openmesh_ex\debug\openmesh_ex.tlog\link.18336.write.1.tlog
d:\大學課程\基礎電腦圖學\porject3\bing_shader_model\opengl_project3-master (1)\opengl_project3-master\openmesh_ex\debug\openmesh_ex.tlog\link.1892-cvtres.read.1.tlog
d:\大學課程\基礎電腦圖學\porject3\bing_shader_model\opengl_project3-master (1)\opengl_project3-master\openmesh_ex\debug\openmesh_ex.tlog\link.1892-cvtres.write.1.tlog
d:\大學課程\基礎電腦圖學\porject3\bing_shader_model\opengl_project3-master (1)\opengl_project3-master\openmesh_ex\debug\openmesh_ex.tlog\link.1892-rc.read.1.tlog
d:\大學課程\基礎電腦圖學\porject3\bing_shader_model\opengl_project3-master (1)\opengl_project3-master\openmesh_ex\debug\openmesh_ex.tlog\link.1892-rc.write.1.tlog
d:\大學課程\基礎電腦圖學\porject3\bing_shader_model\opengl_project3-master (1)\opengl_project3-master\openmesh_ex\debug\openmesh_ex.tlog\link.1892.read.1.tlog
d:\大學課程\基礎電腦圖學\porject3\bing_shader_model\opengl_project3-master (1)\opengl_project3-master\openmesh_ex\debug\openmesh_ex.tlog\link.1892.write.1.tlog
d:\大學課程\基礎電腦圖學\porject3\bing_shader_model\opengl_project3-master (1)\opengl_project3-master\openmesh_ex\debug\openmesh_ex.tlog\link.19236-cvtres.read.1.tlog
d:\大學課程\基礎電腦圖學\porject3\bing_shader_model\opengl_project3-master (1)\opengl_project3-master\openmesh_ex\debug\openmesh_ex.tlog\link.19236-cvtres.write.1.tlog
d:\大學課程\基礎電腦圖學\porject3\bing_shader_model\opengl_project3-master (1)\opengl_project3-master\openmesh_ex\debug\openmesh_ex.tlog\link.19236-rc.read.1.tlog
d:\大學課程\基礎電腦圖學\porject3\bing_shader_model\opengl_project3-master (1)\opengl_project3-master\openmesh_ex\debug\openmesh_ex.tlog\link.19236-rc.write.1.tlog
d:\大學課程\基礎電腦圖學\porject3\bing_shader_model\opengl_project3-master (1)\opengl_project3-master\openmesh_ex\debug\openmesh_ex.tlog\link.19236.read.1.tlog
d:\大學課程\基礎電腦圖學\porject3\bing_shader_model\opengl_project3-master (1)\opengl_project3-master\openmesh_ex\debug\openmesh_ex.tlog\link.19236.write.1.tlog
d:\大學課程\基礎電腦圖學\porject3\bing_shader_model\opengl_project3-master (1)\opengl_project3-master\openmesh_ex\debug\openmesh_ex.tlog\link.19316-cvtres.read.1.tlog
d:\大學課程\基礎電腦圖學\porject3\bing_shader_model\opengl_project3-master (1)\opengl_project3-master\openmesh_ex\debug\openmesh_ex.tlog\link.19316-cvtres.write.1.tlog
d:\大學課程\基礎電腦圖學\porject3\bing_shader_model\opengl_project3-master (1)\opengl_project3-master\openmesh_ex\debug\openmesh_ex.tlog\link.19316-rc.read.1.tlog
d:\大學課程\基礎電腦圖學\porject3\bing_shader_model\opengl_project3-master (1)\opengl_project3-master\openmesh_ex\debug\openmesh_ex.tlog\link.19316-rc.write.1.tlog
d:\大學課程\基礎電腦圖學\porject3\bing_shader_model\opengl_project3-master (1)\opengl_project3-master\openmesh_ex\debug\openmesh_ex.tlog\link.19316.read.1.tlog
d:\大學課程\基礎電腦圖學\porject3\bing_shader_model\opengl_project3-master (1)\opengl_project3-master\openmesh_ex\debug\openmesh_ex.tlog\link.19316.write.1.tlog
d:\大學課程\基礎電腦圖學\porject3\bing_shader_model\opengl_project3-master (1)\opengl_project3-master\openmesh_ex\debug\openmesh_ex.tlog\link.7136-cvtres.read.1.tlog
d:\大學課程\基礎電腦圖學\porject3\bing_shader_model\opengl_project3-master (1)\opengl_project3-master\openmesh_ex\debug\openmesh_ex.tlog\link.7136-cvtres.write.1.tlog
d:\大學課程\基礎電腦圖學\porject3\bing_shader_model\opengl_project3-master (1)\opengl_project3-master\openmesh_ex\debug\openmesh_ex.tlog\link.7136-rc.read.1.tlog
d:\大學課程\基礎電腦圖學\porject3\bing_shader_model\opengl_project3-master (1)\opengl_project3-master\openmesh_ex\debug\openmesh_ex.tlog\link.7136-rc.write.1.tlog
d:\大學課程\基礎電腦圖學\porject3\bing_shader_model\opengl_project3-master (1)\opengl_project3-master\openmesh_ex\debug\openmesh_ex.tlog\link.7136.read.1.tlog
d:\大學課程\基礎電腦圖學\porject3\bing_shader_model\opengl_project3-master (1)\opengl_project3-master\openmesh_ex\debug\openmesh_ex.tlog\link.7136.write.1.tlog
d:\大學課程\基礎電腦圖學\porject3\bing_shader_model\opengl_project3-master (1)\opengl_project3-master\openmesh_ex\debug\openmesh_ex.tlog\link.8632-cvtres.read.1.tlog
d:\大學課程\基礎電腦圖學\porject3\bing_shader_model\opengl_project3-master (1)\opengl_project3-master\openmesh_ex\debug\openmesh_ex.tlog\link.8632-cvtres.write.1.tlog
d:\大學課程\基礎電腦圖學\porject3\bing_shader_model\opengl_project3-master (1)\opengl_project3-master\openmesh_ex\debug\openmesh_ex.tlog\link.8632-rc.read.1.tlog
d:\大學課程\基礎電腦圖學\porject3\bing_shader_model\opengl_project3-master (1)\opengl_project3-master\openmesh_ex\debug\openmesh_ex.tlog\link.8632-rc.write.1.tlog
d:\大學課程\基礎電腦圖學\porject3\bing_shader_model\opengl_project3-master (1)\opengl_project3-master\openmesh_ex\debug\openmesh_ex.tlog\link.8632.read.1.tlog
d:\大學課程\基礎電腦圖學\porject3\bing_shader_model\opengl_project3-master (1)\opengl_project3-master\openmesh_ex\debug\openmesh_ex.tlog\link.8632.write.1.tlog
d:\大學課程\基礎電腦圖學\porject3\bing_shader_model\opengl_project3-master (1)\opengl_project3-master\openmesh_ex\debug\openmesh_ex.tlog\link.9060-cvtres.read.1.tlog
d:\大學課程\基礎電腦圖學\porject3\bing_shader_model\opengl_project3-master (1)\opengl_project3-master\openmesh_ex\debug\openmesh_ex.tlog\link.9060-cvtres.write.1.tlog
d:\大學課程\基礎電腦圖學\porject3\bing_shader_model\opengl_project3-master (1)\opengl_project3-master\openmesh_ex\debug\openmesh_ex.tlog\link.9060-rc.read.1.tlog
d:\大學課程\基礎電腦圖學\porject3\bing_shader_model\opengl_project3-master (1)\opengl_project3-master\openmesh_ex\debug\openmesh_ex.tlog\link.9060-rc.write.1.tlog
d:\大學課程\基礎電腦圖學\porject3\bing_shader_model\opengl_project3-master (1)\opengl_project3-master\openmesh_ex\debug\openmesh_ex.tlog\link.9060.read.1.tlog
d:\大學課程\基礎電腦圖學\porject3\bing_shader_model\opengl_project3-master (1)\opengl_project3-master\openmesh_ex\debug\openmesh_ex.tlog\link.9060.write.1.tlog
d:\大學課程\基礎電腦圖學\porject3\bing_shader_model\opengl_project3-master (1)\opengl_project3-master\openmesh_ex\debug\openmesh_ex.tlog\link.9092-cvtres.read.1.tlog
d:\大學課程\基礎電腦圖學\porject3\bing_shader_model\opengl_project3-master (1)\opengl_project3-master\openmesh_ex\debug\openmesh_ex.tlog\link.9092-cvtres.write.1.tlog
d:\大學課程\基礎電腦圖學\porject3\bing_shader_model\opengl_project3-master (1)\opengl_project3-master\openmesh_ex\debug\openmesh_ex.tlog\link.9092-rc.read.1.tlog
d:\大學課程\基礎電腦圖學\porject3\bing_shader_model\opengl_project3-master (1)\opengl_project3-master\openmesh_ex\debug\openmesh_ex.tlog\link.9092-rc.write.1.tlog
d:\大學課程\基礎電腦圖學\porject3\bing_shader_model\opengl_project3-master (1)\opengl_project3-master\openmesh_ex\debug\openmesh_ex.tlog\link.9092.read.1.tlog
d:\大學課程\基礎電腦圖學\porject3\bing_shader_model\opengl_project3-master (1)\opengl_project3-master\openmesh_ex\debug\openmesh_ex.tlog\link.9092.write.1.tlog
d:\大學課程\基礎電腦圖學\porject3\bing_shader_model\opengl_project3-master (1)\opengl_project3-master\openmesh_ex\debug\openmesh_ex.tlog\link.9364-cvtres.read.1.tlog
d:\大學課程\基礎電腦圖學\porject3\bing_shader_model\opengl_project3-master (1)\opengl_project3-master\openmesh_ex\debug\openmesh_ex.tlog\link.9364-cvtres.write.1.tlog
d:\大學課程\基礎電腦圖學\porject3\bing_shader_model\opengl_project3-master (1)\opengl_project3-master\openmesh_ex\debug\openmesh_ex.tlog\link.9364-rc.read.1.tlog
d:\大學課程\基礎電腦圖學\porject3\bing_shader_model\opengl_project3-master (1)\opengl_project3-master\openmesh_ex\debug\openmesh_ex.tlog\link.9364-rc.write.1.tlog
d:\大學課程\基礎電腦圖學\porject3\bing_shader_model\opengl_project3-master (1)\opengl_project3-master\openmesh_ex\debug\openmesh_ex.tlog\link.9364.read.1.tlog
d:\大學課程\基礎電腦圖學\porject3\bing_shader_model\opengl_project3-master (1)\opengl_project3-master\openmesh_ex\debug\openmesh_ex.tlog\link.9364.write.1.tlog
d:\大學課程\基礎電腦圖學\porject3\bing_shader_model\opengl_project3-master (1)\opengl_project3-master\openmesh_ex\debug\openmesh_ex.tlog\link.command.1.tlog
d:\大學課程\基礎電腦圖學\porject3\bing_shader_model\opengl_project3-master (1)\opengl_project3-master\openmesh_ex\debug\openmesh_ex.tlog\link.read.1.tlog
d:\大學課程\基礎電腦圖學\porject3\bing_shader_model\opengl_project3-master (1)\opengl_project3-master\openmesh_ex\debug\openmesh_ex.tlog\link.write.1.tlog
d:\大學課程\基礎電腦圖學\porject3\bing_shader_model\opengl_project3-master (1)\opengl_project3-master\openmesh_ex\debug\openmesh_ex.tlog\metagen.read.1.tlog
d:\大學課程\基礎電腦圖學\porject3\bing_shader_model\opengl_project3-master (1)\opengl_project3-master\openmesh_ex\debug\openmesh_ex.tlog\openmesh_ex.write.1u.tlog
d:\大學課程\基礎電腦圖學\porject3\bing_shader_model\opengl_project3-master (1)\opengl_project3-master\openmesh_ex\debug\openmesh_ex.tlog\hkoglpanel.dll.metagen
